# JRE version: Java(TM) SE Runtime Environment (8.0_25-b18) (build 1.8.0_25-b18)
# Java VM: Java HotSpot(TM) 64-Bit Server VM (25.25-b02 mixed mode windows-amd64 compressed oops)
Heap:
 PSYoungGen      total 116736K, used 47607K [0x00000000d5580000, 0x00000000dd400000, 0x0000000100000000)
  eden space 103936K, 45% used [0x00000000d5580000,0x00000000d83fdf18,0x00000000dbb00000)
  from space 12800K, 0% used [0x00000000dbb00000,0x00000000dbb00000,0x00000000dc780000)
  to   space 12288K, 0% used [0x00000000dc780000,0x00000000dc780000,0x00000000dd380000)
 ParOldGen       total 131584K, used 15720K [0x0000000080000000, 0x0000000088080000, 0x00000000d5580000)
  object space 131584K, 11% used [0x0000000080000000,0x0000000080f5a048,0x0000000088080000)
 Metaspace       used 37227K, capacity 37924K, committed 38144K, reserved 1081344K
  class space    used 5163K, capacity 5321K, committed 5376K, reserved 1048576K
GC Heap History (10 events):
Event: 3.886 GC heap before
{Heap before GC invocations=5 (full 1):
 PSYoungGen      total 76288K, used 65536K [0x00000000d5580000, 0x00000000daa80000, 0x0000000100000000)
  eden space 65536K, 100% used [0x00000000d5580000,0x00000000d9580000,0x00000000d9580000)
  from space 10752K, 0% used [0x00000000d9580000,0x00000000d9580000,0x00000000da000000)
  to   space 10752K, 0% used [0x00000000da000000,0x00000000da000000,0x00000000daa80000)
 ParOldGen       total 95744K, used 7356K [0x0000000080000000, 0x0000000085d80000, 0x00000000d5580000)
  object space 95744K, 7% used [0x0000000080000000,0x000000008072f038,0x0000000085d80000)
 Metaspace       used 25505K, capacity 25824K, committed 25984K, reserved 1071104K
  class space    used 3575K, capacity 3646K, committed 3712K, reserved 1048576K
Event: 3.890 GC heap after
Heap after GC invocations=5 (full 1):
 PSYoungGen      total 76288K, used 6373K [0x00000000d5580000, 0x00000000dd380000, 0x0000000100000000)
  eden space 65536K, 0% used [0x00000000d5580000,0x00000000d5580000,0x00000000d9580000)
  from space 10752K, 59% used [0x00000000da000000,0x00000000da6396f0,0x00000000daa80000)
  to   space 10752K, 0% used [0x00000000d9580000,0x00000000d9580000,0x00000000da000000)
 ParOldGen       total 95744K, used 7364K [0x0000000080000000, 0x0000000085d80000, 0x00000000d5580000)
  object space 95744K, 7% used [0x0000000080000000,0x0000000080731038,0x0000000085d80000)
 Metaspace       used 25505K, capacity 25824K, committed 25984K, reserved 1071104K
  class space    used 3575K, capacity 3646K, committed 3712K, reserved 1048576K
}
Event: 4.817 GC heap before
{Heap before GC invocations=6 (full 1):
 PSYoungGen      total 76288K, used 71909K [0x00000000d5580000, 0x00000000dd380000, 0x0000000100000000)
  eden space 65536K, 100% used [0x00000000d5580000,0x00000000d9580000,0x00000000d9580000)
  from space 10752K, 59% used [0x00000000da000000,0x00000000da6396f0,0x00000000daa80000)
  to   space 10752K, 0% used [0x00000000d9580000,0x00000000d9580000,0x00000000da000000)
 ParOldGen       total 95744K, used 7364K [0x0000000080000000, 0x0000000085d80000, 0x00000000d5580000)
  object space 95744K, 7% used [0x0000000080000000,0x0000000080731038,0x0000000085d80000)
 Metaspace       used 29799K, capacity 30272K, committed 30592K, reserved 1075200K
  class space    used 4081K, capacity 4218K, committed 4224K, reserved 1048576K
Event: 4.823 GC heap after
Heap after GC invocations=6 (full 1):
 PSYoungGen      total 76288K, used 7805K [0x00000000d5580000, 0x00000000dd380000, 0x0000000100000000)
  eden space 65536K, 0% used [0x00000000d5580000,0x00000000d5580000,0x00000000d9580000)
  from space 10752K, 72% used [0x00000000d9580000,0x00000000d9d1f5c0,0x00000000da000000)
  to   space 12288K, 0% used [0x00000000dc780000,0x00000000dc780000,0x00000000dd380000)
 ParOldGen       total 95744K, used 7372K [0x0000000080000000, 0x0000000085d80000, 0x00000000d5580000)
  object space 95744K, 7% used [0x0000000080000000,0x0000000080733038,0x0000000085d80000)
 Metaspace       used 29799K, capacity 30272K, committed 30592K, reserved 1075200K
  class space    used 4081K, capacity 4218K, committed 4224K, reserved 1048576K
}
Event: 5.507 GC heap before
{Heap before GC invocations=7 (full 1):
 PSYoungGen      total 76288K, used 73341K [0x00000000d5580000, 0x00000000dd380000, 0x0000000100000000)
  eden space 65536K, 100% used [0x00000000d5580000,0x00000000d9580000,0x00000000d9580000)
  from space 10752K, 72% used [0x00000000d9580000,0x00000000d9d1f5c0,0x00000000da000000)
  to   space 12288K, 0% used [0x00000000dc780000,0x00000000dc780000,0x00000000dd380000)
 ParOldGen       total 95744K, used 7372K [0x0000000080000000, 0x0000000085d80000, 0x00000000d5580000)
  object space 95744K, 7% used [0x0000000080000000,0x0000000080733038,0x0000000085d80000)
 Metaspace       used 34376K, capacity 34874K, committed 35328K, reserved 1079296K
  class space    used 4685K, capacity 4827K, committed 4864K, reserved 1048576K
Event: 5.515 GC heap after
Heap after GC invocations=7 (full 1):
 PSYoungGen      total 116224K, used 10116K [0x00000000d5580000, 0x00000000dd400000, 0x0000000100000000)
  eden space 103936K, 0% used [0x00000000d5580000,0x00000000d5580000,0x00000000dbb00000)
  from space 12288K, 82% used [0x00000000dc780000,0x00000000dd1612f0,0x00000000dd380000)
  to   space 12800K, 0% used [0x00000000dbb00000,0x00000000dbb00000,0x00000000dc780000)
 ParOldGen       total 95744K, used 7444K [0x0000000080000000, 0x0000000085d80000, 0x00000000d5580000)
  object space 95744K, 7% used [0x0000000080000000,0x0000000080745048,0x0000000085d80000)
 Metaspace       used 34376K, capacity 34874K, committed 35328K, reserved 1079296K
  class space    used 4685K, capacity 4827K, committed 4864K, reserved 1048576K
}
Event: 5.584 GC heap before
{Heap before GC invocations=8 (full 1):
 PSYoungGen      total 116224K, used 25845K [0x00000000d5580000, 0x00000000dd400000, 0x0000000100000000)
  eden space 103936K, 15% used [0x00000000d5580000,0x00000000d64dc118,0x00000000dbb00000)
  from space 12288K, 82% used [0x00000000dc780000,0x00000000dd1612f0,0x00000000dd380000)
  to   space 12800K, 0% used [0x00000000dbb00000,0x00000000dbb00000,0x00000000dc780000)
 ParOldGen       total 95744K, used 7444K [0x0000000080000000, 0x0000000085d80000, 0x00000000d5580000)
  object space 95744K, 7% used [0x0000000080000000,0x0000000080745048,0x0000000085d80000)
 Metaspace       used 34543K, capacity 35114K, committed 35456K, reserved 1079296K
  class space    used 4709K, capacity 4865K, committed 4992K, reserved 1048576K
Event: 5.592 GC heap after
Heap after GC invocations=8 (full 1):
 PSYoungGen      total 116736K, used 9242K [0x00000000d5580000, 0x00000000dd400000, 0x0000000100000000)
  eden space 103936K, 0% used [0x00000000d5580000,0x00000000d5580000,0x00000000dbb00000)
  from space 12800K, 72% used [0x00000000dbb00000,0x00000000dc4068a8,0x00000000dc780000)
  to   space 12288K, 0% used [0x00000000dc780000,0x00000000dc780000,0x00000000dd380000)
 ParOldGen       total 95744K, used 7452K [0x0000000080000000, 0x0000000085d80000, 0x00000000d5580000)
  object space 95744K, 7% used [0x0000000080000000,0x0000000080747048,0x0000000085d80000)
 Metaspace       used 34543K, capacity 35114K, committed 35456K, reserved 1079296K
  class space    used 4709K, capacity 4865K, committed 4992K, reserved 1048576K
}
Event: 5.592 GC heap before
{Heap before GC invocations=9 (full 2):
 PSYoungGen      total 116736K, used 9242K [0x00000000d5580000, 0x00000000dd400000, 0x0000000100000000)
  eden space 103936K, 0% used [0x00000000d5580000,0x00000000d5580000,0x00000000dbb00000)
  from space 12800K, 72% used [0x00000000dbb00000,0x00000000dc4068a8,0x00000000dc780000)
  to   space 12288K, 0% used [0x00000000dc780000,0x00000000dc780000,0x00000000dd380000)
 ParOldGen       total 95744K, used 7452K [0x0000000080000000, 0x0000000085d80000, 0x00000000d5580000)
  object space 95744K, 7% used [0x0000000080000000,0x0000000080747048,0x0000000085d80000)
 Metaspace       used 34543K, capacity 35114K, committed 35456K, reserved 1079296K
  class space    used 4709K, capacity 4865K, committed 4992K, reserved 1048576K
Event: 5.654 GC heap after
Heap after GC invocations=9 (full 2):
 PSYoungGen      total 116736K, used 0K [0x00000000d5580000, 0x00000000dd400000, 0x0000000100000000)
  eden space 103936K, 0% used [0x00000000d5580000,0x00000000d5580000,0x00000000dbb00000)
  from space 12800K, 0% used [0x00000000dbb00000,0x00000000dbb00000,0x00000000dc780000)
  to   space 12288K, 0% used [0x00000000dc780000,0x00000000dc780000,0x00000000dd380000)
 ParOldGen       total 131584K, used 15720K [0x0000000080000000, 0x0000000088080000, 0x00000000d5580000)
  object space 131584K, 11% used [0x0000000080000000,0x0000000080f5a048,0x0000000088080000)
 Metaspace       used 34543K, capacity 35114K, committed 35456K, reserved 1079296K
  class space    used 4709K, capacity 4865K, committed 4992K, reserved 1048576K
}

