# JRE version: Java(TM) SE Runtime Environment (8.0_25-b18) (build 1.8.0_25-b18)
# Java VM: Java HotSpot(TM) 64-Bit Server VM (25.25-b02 mixed mode windows-amd64 compressed oops)
Heap:
 PSYoungGen      total 278016K, used 220615K [0x00000000d5580000, 0x00000000e7c80000, 0x0000000100000000)
  eden space 253952K, 86% used [0x00000000d5580000,0x00000000e2cf1ea8,0x00000000e4d80000)
  from space 24064K, 0% used [0x00000000e4d80000,0x00000000e4d80000,0x00000000e6500000)
  to   space 16896K, 0% used [0x00000000e6500000,0x00000000e6500000,0x00000000e7580000)
 ParOldGen       total 144896K, used 43568K [0x0000000080000000, 0x0000000088d80000, 0x00000000d5580000)
  object space 144896K, 30% used [0x0000000080000000,0x0000000082a8c230,0x0000000088d80000)
 Metaspace       used 61162K, capacity 62874K, committed 62976K, reserved 1103872K
  class space    used 8056K, capacity 8432K, committed 8448K, reserved 1048576K
GC Heap History (10 events):
Event: 5.529 GC heap before
{Heap before GC invocations=8 (full 2):
 PSYoungGen      total 191488K, used 10634K [0x00000000d5580000, 0x00000000e4000000, 0x0000000100000000)
  eden space 177664K, 0% used [0x00000000d5580000,0x00000000d5580000,0x00000000e0300000)
  from space 13824K, 76% used [0x00000000e1100000,0x00000000e1b629e8,0x00000000e1e80000)
  to   space 14336K, 0% used [0x00000000e0300000,0x00000000e0300000,0x00000000e1100000)
 ParOldGen       total 94208K, used 7291K [0x0000000080000000, 0x0000000085c00000, 0x00000000d5580000)
  object space 94208K, 7% used [0x0000000080000000,0x000000008071ee78,0x0000000085c00000)
 Metaspace       used 34694K, capacity 35182K, committed 35496K, reserved 1079296K
  class space    used 4714K, capacity 4839K, committed 4864K, reserved 1048576K
Event: 5.595 GC heap after
Heap after GC invocations=8 (full 2):
 PSYoungGen      total 191488K, used 0K [0x00000000d5580000, 0x00000000e4000000, 0x0000000100000000)
  eden space 177664K, 0% used [0x00000000d5580000,0x00000000d5580000,0x00000000e0300000)
  from space 13824K, 0% used [0x00000000e1100000,0x00000000e1100000,0x00000000e1e80000)
  to   space 14336K, 0% used [0x00000000e0300000,0x00000000e0300000,0x00000000e1100000)
 ParOldGen       total 144896K, used 17010K [0x0000000080000000, 0x0000000088d80000, 0x00000000d5580000)
  object space 144896K, 11% used [0x0000000080000000,0x000000008109cac0,0x0000000088d80000)
 Metaspace       used 34694K, capacity 35182K, committed 35496K, reserved 1079296K
  class space    used 4714K, capacity 4839K, committed 4864K, reserved 1048576K
}
Event: 7.629 GC heap before
{Heap before GC invocations=9 (full 2):
 PSYoungGen      total 191488K, used 177664K [0x00000000d5580000, 0x00000000e4000000, 0x0000000100000000)
  eden space 177664K, 100% used [0x00000000d5580000,0x00000000e0300000,0x00000000e0300000)
  from space 13824K, 0% used [0x00000000e1100000,0x00000000e1100000,0x00000000e1e80000)
  to   space 14336K, 0% used [0x00000000e0300000,0x00000000e0300000,0x00000000e1100000)
 ParOldGen       total 144896K, used 17010K [0x0000000080000000, 0x0000000088d80000, 0x00000000d5580000)
  object space 144896K, 11% used [0x0000000080000000,0x000000008109cac0,0x0000000088d80000)
 Metaspace       used 46096K, capacity 47278K, committed 47488K, reserved 1089536K
  class space    used 6369K, capacity 6657K, committed 6784K, reserved 1048576K
Event: 7.642 GC heap after
Heap after GC invocations=9 (full 2):
 PSYoungGen      total 192000K, used 14330K [0x00000000d5580000, 0x00000000e7580000, 0x0000000100000000)
  eden space 177664K, 0% used [0x00000000d5580000,0x00000000d5580000,0x00000000e0300000)
  from space 14336K, 99% used [0x00000000e0300000,0x00000000e10fea68,0x00000000e1100000)
  to   space 16896K, 0% used [0x00000000e6500000,0x00000000e6500000,0x00000000e7580000)
 ParOldGen       total 144896K, used 18998K [0x0000000080000000, 0x0000000088d80000, 0x00000000d5580000)
  object space 144896K, 13% used [0x0000000080000000,0x000000008128dad8,0x0000000088d80000)
 Metaspace       used 46096K, capacity 47278K, committed 47488K, reserved 1089536K
  class space    used 6369K, capacity 6657K, committed 6784K, reserved 1048576K
}
Event: 11.052 GC heap before
{Heap before GC invocations=10 (full 2):
 PSYoungGen      total 192000K, used 191994K [0x00000000d5580000, 0x00000000e7580000, 0x0000000100000000)
  eden space 177664K, 100% used [0x00000000d5580000,0x00000000e0300000,0x00000000e0300000)
  from space 14336K, 99% used [0x00000000e0300000,0x00000000e10fea68,0x00000000e1100000)
  to   space 16896K, 0% used [0x00000000e6500000,0x00000000e6500000,0x00000000e7580000)
 ParOldGen       total 144896K, used 18998K [0x0000000080000000, 0x0000000088d80000, 0x00000000d5580000)
  object space 144896K, 13% used [0x0000000080000000,0x000000008128dad8,0x0000000088d80000)
 Metaspace       used 56966K, capacity 58532K, committed 58752K, reserved 1099776K
  class space    used 7669K, capacity 7995K, committed 8064K, reserved 1048576K
Event: 11.073 GC heap after
Heap after GC invocations=10 (full 2):
 PSYoungGen      total 270848K, used 16864K [0x00000000d5580000, 0x00000000e7c80000, 0x0000000100000000)
  eden space 253952K, 0% used [0x00000000d5580000,0x00000000d5580000,0x00000000e4d80000)
  from space 16896K, 99% used [0x00000000e6500000,0x00000000e75781f8,0x00000000e7580000)
  to   space 24064K, 0% used [0x00000000e4d80000,0x00000000e4d80000,0x00000000e6500000)
 ParOldGen       total 144896K, used 29854K [0x0000000080000000, 0x0000000088d80000, 0x00000000d5580000)
  object space 144896K, 20% used [0x0000000080000000,0x0000000081d27ba0,0x0000000088d80000)
 Metaspace       used 56966K, capacity 58532K, committed 58752K, reserved 1099776K
  class space    used 7669K, capacity 7995K, committed 8064K, reserved 1048576K
}
Event: 11.272 GC heap before
{Heap before GC invocations=11 (full 2):
 PSYoungGen      total 270848K, used 64711K [0x00000000d5580000, 0x00000000e7c80000, 0x0000000100000000)
  eden space 253952K, 18% used [0x00000000d5580000,0x00000000d8439d70,0x00000000e4d80000)
  from space 16896K, 99% used [0x00000000e6500000,0x00000000e75781f8,0x00000000e7580000)
  to   space 24064K, 0% used [0x00000000e4d80000,0x00000000e4d80000,0x00000000e6500000)
 ParOldGen       total 144896K, used 29854K [0x0000000080000000, 0x0000000088d80000, 0x00000000d5580000)
  object space 144896K, 20% used [0x0000000080000000,0x0000000081d27ba0,0x0000000088d80000)
 Metaspace       used 57492K, capacity 59060K, committed 59160K, reserved 1099776K
  class space    used 7754K, capacity 8099K, committed 8192K, reserved 1048576K
Event: 11.289 GC heap after
Heap after GC invocations=11 (full 2):
 PSYoungGen      total 278016K, used 18084K [0x00000000d5580000, 0x00000000e7c80000, 0x0000000100000000)
  eden space 253952K, 0% used [0x00000000d5580000,0x00000000d5580000,0x00000000e4d80000)
  from space 24064K, 75% used [0x00000000e4d80000,0x00000000e5f29178,0x00000000e6500000)
  to   space 16896K, 0% used [0x00000000e6500000,0x00000000e6500000,0x00000000e7580000)
 ParOldGen       total 144896K, used 29862K [0x0000000080000000, 0x0000000088d80000, 0x00000000d5580000)
  object space 144896K, 20% used [0x0000000080000000,0x0000000081d29ba0,0x0000000088d80000)
 Metaspace       used 57492K, capacity 59060K, committed 59160K, reserved 1099776K
  class space    used 7754K, capacity 8099K, committed 8192K, reserved 1048576K
}
Event: 11.289 GC heap before
{Heap before GC invocations=12 (full 3):
 PSYoungGen      total 278016K, used 18084K [0x00000000d5580000, 0x00000000e7c80000, 0x0000000100000000)
  eden space 253952K, 0% used [0x00000000d5580000,0x00000000d5580000,0x00000000e4d80000)
  from space 24064K, 75% used [0x00000000e4d80000,0x00000000e5f29178,0x00000000e6500000)
  to   space 16896K, 0% used [0x00000000e6500000,0x00000000e6500000,0x00000000e7580000)
 ParOldGen       total 144896K, used 29862K [0x0000000080000000, 0x0000000088d80000, 0x00000000d5580000)
  object space 144896K, 20% used [0x0000000080000000,0x0000000081d29ba0,0x0000000088d80000)
 Metaspace       used 57492K, capacity 59060K, committed 59160K, reserved 1099776K
  class space    used 7754K, capacity 8099K, committed 8192K, reserved 1048576K
Event: 11.565 GC heap after
Heap after GC invocations=12 (full 3):
 PSYoungGen      total 278016K, used 0K [0x00000000d5580000, 0x00000000e7c80000, 0x0000000100000000)
  eden space 253952K, 0% used [0x00000000d5580000,0x00000000d5580000,0x00000000e4d80000)
  from space 24064K, 0% used [0x00000000e4d80000,0x00000000e4d80000,0x00000000e6500000)
  to   space 16896K, 0% used [0x00000000e6500000,0x00000000e6500000,0x00000000e7580000)
 ParOldGen       total 144896K, used 43568K [0x0000000080000000, 0x0000000088d80000, 0x00000000d5580000)
  object space 144896K, 30% used [0x0000000080000000,0x0000000082a8c230,0x0000000088d80000)
 Metaspace       used 57453K, capacity 58978K, committed 59160K, reserved 1099776K
  class space    used 7738K, capacity 8074K, committed 8192K, reserved 1048576K
}

